[debug] [2025-11-22T07:21:59.285Z] ----------------------------------------------------------------------
[debug] [2025-11-22T07:21:59.292Z] Command:       C:\Program Files\nodejs\node.exe C:\Users\DELL\AppData\Roaming\npm\node_modules\firebase-tools\lib\bin\firebase.js projects:list
[debug] [2025-11-22T07:21:59.293Z] CLI Version:   14.26.0
[debug] [2025-11-22T07:21:59.295Z] Platform:      win32
[debug] [2025-11-22T07:21:59.296Z] Node Version:  v20.17.0
[debug] [2025-11-22T07:21:59.296Z] Time:          Sat Nov 22 2025 12:51:59 GMT+0530 (India Standard Time)
[debug] [2025-11-22T07:21:59.297Z] ----------------------------------------------------------------------
[debug] 
[debug] [2025-11-22T07:22:00.168Z] > command requires scopes: ["email","openid","https://www.googleapis.com/auth/cloudplatformprojects.readonly","https://www.googleapis.com/auth/firebase","https://www.googleapis.com/auth/cloud-platform"]
[debug] [2025-11-22T07:22:00.170Z] > authorizing via signed-in user (farmannaseem789@gmail.com)
[debug] [2025-11-22T07:22:00.205Z] Checked if tokens are valid: false, expires at: 1715699830465
[debug] [2025-11-22T07:22:00.206Z] Checked if tokens are valid: false, expires at: 1715699830465
[debug] [2025-11-22T07:22:00.207Z] > refreshing access token with scopes: []
[debug] [2025-11-22T07:22:00.218Z] >>> [apiv2][query] POST https://www.googleapis.com/oauth2/v3/token [none]
[debug] [2025-11-22T07:22:00.219Z] >>> [apiv2][body] POST https://www.googleapis.com/oauth2/v3/token [omitted]
[debug] [2025-11-22T07:22:00.698Z] <<< [apiv2][status] POST https://www.googleapis.com/oauth2/v3/token 400
[debug] [2025-11-22T07:22:00.699Z] <<< [apiv2][body] POST https://www.googleapis.com/oauth2/v3/token [omitted]
[debug] [2025-11-22T07:22:00.703Z] >>> [apiv2][query] GET https://firebase.googleapis.com/v1beta1/projects pageSize=1000
[debug] [2025-11-22T07:22:00.921Z] <<< [apiv2][status] GET https://firebase.googleapis.com/v1beta1/projects 401
[debug] [2025-11-22T07:22:00.921Z] <<< [apiv2][body] GET https://firebase.googleapis.com/v1beta1/projects [omitted]
[debug] [2025-11-22T07:22:00.921Z] Got a 401 Unauthenticated error for a call that required authentication. Refreshing tokens.
[debug] [2025-11-22T07:22:00.922Z] Checked if tokens are valid: false, expires at: 1715699830465
[debug] [2025-11-22T07:22:00.922Z] Checked if tokens are valid: false, expires at: 1715699830465
[debug] [2025-11-22T07:22:00.922Z] > refreshing access token with scopes: []
[debug] [2025-11-22T07:22:00.923Z] >>> [apiv2][query] POST https://www.googleapis.com/oauth2/v3/token [none]
[debug] [2025-11-22T07:22:00.923Z] >>> [apiv2][body] POST https://www.googleapis.com/oauth2/v3/token [omitted]
[debug] [2025-11-22T07:22:01.023Z] <<< [apiv2][status] POST https://www.googleapis.com/oauth2/v3/token 400
[debug] [2025-11-22T07:22:01.023Z] <<< [apiv2][body] POST https://www.googleapis.com/oauth2/v3/token [omitted]
[debug] [2025-11-22T07:22:01.024Z] Request to https://firebase.googleapis.com/v1beta1/projects?pageSize=1000 had HTTP Error: 401, Request had invalid authentication credentials. Expected OAuth 2 access token, login cookie or other valid authentication credential. See https://developers.google.com/identity/sign-in/web/devconsole-project.
[debug] [2025-11-22T07:22:01.238Z] FirebaseError: Request to https://firebase.googleapis.com/v1beta1/projects?pageSize=1000 had HTTP Error: 401, Request had invalid authentication credentials. Expected OAuth 2 access token, login cookie or other valid authentication credential. See https://developers.google.com/identity/sign-in/web/devconsole-project.
    at responseToError (C:\Users\DELL\AppData\Roaming\npm\node_modules\firebase-tools\lib\responseToError.js:53:12)
    at RetryOperation._fn (C:\Users\DELL\AppData\Roaming\npm\node_modules\firebase-tools\lib\apiv2.js:322:77)
    at process.processTicksAndRejections (node:internal/process/task_queues:95:5)
[error] 
[error] Error: Failed to list Firebase projects. See firebase-debug.log for more info.
